<?xml version="1.0" encoding="UTF-8"?>
<testng-results ignored="0" total="1" passed="1" failed="0" skipped="0">
  <reporter-output>
  </reporter-output>
  <suite started-at="2024-03-24T16:58:02 IST" name="Default suite" finished-at="2024-03-24T16:58:50 IST" duration-ms="48347">
    <groups>
    </groups>
    <test started-at="2024-03-24T16:58:02 IST" name="Default test" finished-at="2024-03-24T16:58:50 IST" duration-ms="48347">
      <class name="testpkg.Slogintest">
        <test-method is-config="true" signature="setup()[pri:0, instance:testpkg.Slogintest@63376bed]" started-at="2024-03-24T16:58:02 IST" name="setup" finished-at="2024-03-24T16:58:32 IST" duration-ms="29841" status="PASS">
          <reporter-output>
          </reporter-output>
        </test-method> <!-- setup -->
        <test-method signature="verifyLogin()[pri:0, instance:testpkg.Slogintest@63376bed]" started-at="2024-03-24T16:58:32 IST" name="verifyLogin" finished-at="2024-03-24T16:58:50 IST" duration-ms="17851" status="PASS">
          <reporter-output>
          </reporter-output>
        </test-method> <!-- verifyLogin -->
      </class> <!-- testpkg.Slogintest -->
    </test> <!-- Default test -->
  </suite> <!-- Default suite -->
</testng-results>
